


ARM Macro Assembler    Page 1 


    1 00000000                 AREA             prog, CODE, READONLY
    2 00000000                 ALIGN
    3 00000000                 EXPORT           __main      ;Jake McKenzie
    4 00000000                 ENTRY
    5 00000000         __main
    6 00000000 4807            LDR              R0, =src    ;initialize src[]
    7 00000002 7802            LDRB             R2, [R0]    ;post increment loa
                                                            d register
    8 00000004 F04F 0100       MOV              R1, #0x0
    9 00000008 F04F 0310       MOV              R3, #0x10
   10 0000000C         loop
   11 0000000C 2A00            CMP              R2, #0
   12 0000000E D005            BEQ              endloop
   13 00000010 4293            CMP              R3, R2
   14 00000012 BF08            IT               EQ
   15 00000014 3101            ADDEQ            R1, #1
   16 00000016 F810 2B01       LDRB             R2, [R0], #1
   17 0000001A E7F7            B                loop
   18 0000001C         endloop
   19 0000001C         
   20 0000001C E7FE    STOP    B                STOP
   21 0000001E 00 00           ALIGN
   22 00000020 00000000        AREA             A, DATA, READONLY
   23 00000000 54 68 69 
              73 20 69 
              73 20 61 
              20 70 61 
              72 61 67 
              72 61 70 
              68 2E 10 
              00       src     DCB              "This is a paragraph.", 0x10 ,0
   24 00000016 00 00           ALIGN
   25 00000018                 END
Command Line: --debug --xref --diag_suppress=9931 --cpu=Cortex-M4.fp --apcs=int
erwork --depend=.\objects\problem4a.d -o.\objects\problem4a.o -I.\RTE\_Target_1
 -IC:\Keil_v5\ARM\PACK\ARM\CMSIS\5.4.0\CMSIS\Core\Include -IC:\Keil_v5\ARM\PACK
\ARM\CMSIS\5.4.0\Device\ARM\ARMCM4\Include --predefine="__EVAL SETA 1" --predef
ine="__UVISION_VERSION SETA 526" --predefine="_RTE_ SETA 1" --predefine="ARMCM4
_FP SETA 1" --list=.\listings\problem4a.lst problem4a.s



ARM Macro Assembler    Page 1 Alphabetic symbol ordering
Relocatable symbols

STOP 0000001C

Symbol: STOP
   Definitions
      At line 20 in file problem4a.s
   Uses
      At line 20 in file problem4a.s
Comment: STOP used once
__main 00000000

Symbol: __main
   Definitions
      At line 5 in file problem4a.s
   Uses
      At line 3 in file problem4a.s
Comment: __main used once
endloop 0000001C

Symbol: endloop
   Definitions
      At line 18 in file problem4a.s
   Uses
      At line 12 in file problem4a.s
Comment: endloop used once
loop 0000000C

Symbol: loop
   Definitions
      At line 10 in file problem4a.s
   Uses
      At line 17 in file problem4a.s
Comment: loop used once
prog 00000000

Symbol: prog
   Definitions
      At line 1 in file problem4a.s
   Uses
      None
Comment: prog unused
5 symbols



ARM Macro Assembler    Page 1 Alphabetic symbol ordering
Relocatable symbols

A 00000000

Symbol: A
   Definitions
      At line 22 in file problem4a.s
   Uses
      None
Comment: A unused
src 00000000

Symbol: src
   Definitions
      At line 23 in file problem4a.s
   Uses
      At line 6 in file problem4a.s
Comment: src used once
2 symbols
344 symbols in table
