


ARM Macro Assembler    Page 1 


    1 00000000 00000400 
                       Stack1  EQU              0x400
    2 00000000                 AREA             STACK, NOINIT, READWRITE, ALIGN
 =3
    3 00000000         MyStackMem
                               SPACE            Stack1
    4 00000400                 AREA             RESET , READONLY
    5 00000000         ;  EXPORT __Vectors 
    6 00000000         ;__Vectors
    7 00000000 00000400        DCD              MyStackMem + Stack1 ; stack poi
                                                            nter for empty stac
                                                            k
    8 00000004         ;  DCD Reset_Handler    ; reset vector 
    9 00000004                 AREA             MyData, DATA, READWRITE
   10 00000000 00 00 00 
              00 00 00 
              00 00 00 
              00 00 00 
              00 00 00 
              00       dst     SPACE            0x10
   11 00000010                 AREA             MYCODE, CODE, READONLY
   12 00000000 57 65 6C 
              63 6F 6D 
              65 20 74 
              6F 20 4D 
              69 63 72 
              6F 70 72 
              6F 63 65 
              73 73 6F 
              72 20 53 
              79 73 74 
              65 6D 73 
              20 43 6F 
              75 72 73 
              65 2E 00 src     DCB              "Welcome to Microprocessor Syst
ems Course.", 0
   13 0000002A 00 00           ALIGN
   14 0000002C                 ENTRY
   15 0000002C                 EXPORT           __main
   16 0000002C         __main
   17 0000002C 4809            LDR              R0 , =src
   18 0000002E 4A0A            LDR              R2 , =dst
   19 00000030 7801            LDRB             R1 , [R0]
   20 00000032         loop
   21 00000032 2900            CMP              R1, #0      ; First enumerate t
                                                            he number of
   22 00000034 D004            BEQ              copy        ; elements in the s
                                                            ource array
   23 00000036 F104 0401       ADD              R4, #1
   24 0000003A F810 1F01       LDRB             R1, [R0, #1]!
   25 0000003E E7F8            B                loop
   26 00000040         copy
   27 00000040 2C00            CMP              R4 , #0
   28 00000042 D006            BEQ              End_Prog
   29 00000044         copy1
   30 00000044 F810 1D01       LDRB             R1 , [R0 , #-1]! ; Start with t
                                                            he last element of
   31 00000048 7011            STRB             R1 , [R2]   ; source array and 
                                                            store element



ARM Macro Assembler    Page 2 


   32 0000004A F102 0201       ADD              R2 , #1     ; by element
   33 0000004E 3C01            SUBS             R4 , #1
   34 00000050 D1F8            BNE              copy1
   35 00000052         End_Prog
   36 00000052 E7FE            B                End_Prog
   37 00000054                 END
              00000000 
              00000000 
Command Line: --debug --xref --diag_suppress=9931 --cpu=Cortex-M4.fp --apcs=int
erwork --depend=.\objects\problem2.d -o.\objects\problem2.o -I.\RTE\_Target_1 -
IC:\Keil_v5\ARM\PACK\ARM\CMSIS\5.4.0\CMSIS\Core\Include -IC:\Keil_v5\ARM\PACK\A
RM\CMSIS\5.4.0\Device\ARM\ARMCM4\Include --predefine="__EVAL SETA 1" --predefin
e="__UVISION_VERSION SETA 526" --predefine="_RTE_ SETA 1" --predefine="ARMCM4_F
P SETA 1" --list=.\listings\problem2.lst problem2.s



ARM Macro Assembler    Page 1 Alphabetic symbol ordering
Relocatable symbols

MyStackMem 00000000

Symbol: MyStackMem
   Definitions
      At line 3 in file problem2.s
   Uses
      At line 7 in file problem2.s
Comment: MyStackMem used once
STACK 00000000

Symbol: STACK
   Definitions
      At line 2 in file problem2.s
   Uses
      None
Comment: STACK unused
2 symbols



ARM Macro Assembler    Page 1 Alphabetic symbol ordering
Relocatable symbols

RESET 00000000

Symbol: RESET
   Definitions
      At line 4 in file problem2.s
   Uses
      None
Comment: RESET unused
1 symbol



ARM Macro Assembler    Page 1 Alphabetic symbol ordering
Relocatable symbols

MyData 00000000

Symbol: MyData
   Definitions
      At line 9 in file problem2.s
   Uses
      None
Comment: MyData unused
dst 00000000

Symbol: dst
   Definitions
      At line 10 in file problem2.s
   Uses
      At line 18 in file problem2.s
Comment: dst used once
2 symbols



ARM Macro Assembler    Page 1 Alphabetic symbol ordering
Relocatable symbols

End_Prog 00000052

Symbol: End_Prog
   Definitions
      At line 35 in file problem2.s
   Uses
      At line 28 in file problem2.s
      At line 36 in file problem2.s

MYCODE 00000000

Symbol: MYCODE
   Definitions
      At line 11 in file problem2.s
   Uses
      None
Comment: MYCODE unused
__main 0000002C

Symbol: __main
   Definitions
      At line 16 in file problem2.s
   Uses
      At line 15 in file problem2.s
Comment: __main used once
copy 00000040

Symbol: copy
   Definitions
      At line 26 in file problem2.s
   Uses
      At line 22 in file problem2.s
Comment: copy used once
copy1 00000044

Symbol: copy1
   Definitions
      At line 29 in file problem2.s
   Uses
      At line 34 in file problem2.s
Comment: copy1 used once
loop 00000032

Symbol: loop
   Definitions
      At line 20 in file problem2.s
   Uses
      At line 25 in file problem2.s
Comment: loop used once
src 00000000

Symbol: src
   Definitions
      At line 12 in file problem2.s
   Uses
      At line 17 in file problem2.s
Comment: src used once
7 symbols



ARM Macro Assembler    Page 1 Alphabetic symbol ordering
Absolute symbols

Stack1 00000400

Symbol: Stack1
   Definitions
      At line 1 in file problem2.s
   Uses
      At line 3 in file problem2.s
      At line 7 in file problem2.s

1 symbol
350 symbols in table
