


ARM Macro Assembler    Page 1 


    1 00000000         ;AREA STACK, NOINIT, READWRITE, ALIGN =3
    2 00000000                 AREA             prog, CODE, READONLY
    3 00000000                 EXPORT           __main
    4 00000000                 ENTRY
    5 00000000         __main
    6 00000000 481A            LDR              R0 , =src
    7 00000002 4A1B            LDR              R2 , =dst
    8 00000004 F810 1B01       LDRB             R1 , [R0], #1
    9 00000008         
   10 00000008 F04F 030A       MOV              R3, #0xA
   11 0000000C F04F 0441       MOV              R4, #0x41
   12 00000010 428B            CMP              R3, R1
   13 00000012 BF08            IT               EQ
   14 00000014 F802 4B01       STRBEQ           R4, [R2], #1
   15 00000018 F810 1B01       LDRB             R1 , [R0], #1
   16 0000001C         
   17 0000001C F04F 0305       MOV              R3, #0x5
   18 00000020 F04F 0435       MOV              R4, #0x35
   19 00000024 428B            CMP              R3, R1
   20 00000026 BF08            IT               EQ
   21 00000028 F802 4B01       STRBEQ           R4, [R2], #1
   22 0000002C F810 1B01       LDRB             R1 , [R0], #1
   23 00000030         
   24 00000030 F04F 030F       MOV              R3, #0xF
   25 00000034 F04F 0446       MOV              R4, #0x46
   26 00000038 428B            CMP              R3, R1
   27 0000003A BF08            IT               EQ
   28 0000003C F802 4B01       STRBEQ           R4, [R2], #1
   29 00000040 F810 1B01       LDRB             R1 , [R0], #1
   30 00000044         
   31 00000044 F04F 030B       MOV              R3, #0xB
   32 00000048 F04F 0442       MOV              R4, #0x42
   33 0000004C 428B            CMP              R3, R1
   34 0000004E BF08            IT               EQ
   35 00000050 F802 4B01       STRBEQ           R4, [R2], #1
   36 00000054 F810 1B01       LDRB             R1 , [R0], #1
   37 00000058         
   38 00000058 F04F 0303       MOV              R3, #0x3
   39 0000005C F04F 0433       MOV              R4, #0x33
   40 00000060 428B            CMP              R3, R1
   41 00000062 BF08            IT               EQ
   42 00000064 F802 4B01       STRBEQ           R4, [R2], #1
   43 00000068 7801            LDRB             R1 , [R0]
   44 0000006A         
   45 0000006A E7FE    STOP    B                STOP
   46 0000006C                 ALIGN
   47 0000006C 00000000 
              00000000         AREA             A,DATA,READONLY
   48 00000000 0A 05 0F 
              0B 03    src     DCB              0xA, 0x5, 0xF, 0xB, 0x3
   49 00000005 00 00 00        ALIGN
   50 00000008                 AREA             Z, DATA, READWRITE
   51 00000000 00 00 00 
              00 00    dst     DCB              0x0, 0x0, 0x0, 0x0, 0x0
   52 00000005 00 00 00        ALIGN
   53 00000008                 END
Command Line: --debug --xref --diag_suppress=9931 --cpu=Cortex-M4.fp --apcs=int
erwork --depend=.\objects\problem3.d -o.\objects\problem3.o -I.\RTE\_Target_1 -
IC:\Keil_v5\ARM\PACK\ARM\CMSIS\5.4.0\CMSIS\Core\Include -IC:\Keil_v5\ARM\PACK\A



ARM Macro Assembler    Page 2 


RM\CMSIS\5.4.0\Device\ARM\ARMCM4\Include --predefine="__EVAL SETA 1" --predefin
e="__UVISION_VERSION SETA 526" --predefine="_RTE_ SETA 1" --predefine="ARMCM4_F
P SETA 1" --list=.\listings\problem3.lst problem3.s



ARM Macro Assembler    Page 1 Alphabetic symbol ordering
Relocatable symbols

STOP 0000006A

Symbol: STOP
   Definitions
      At line 45 in file problem3.s
   Uses
      At line 45 in file problem3.s
Comment: STOP used once
__main 00000000

Symbol: __main
   Definitions
      At line 5 in file problem3.s
   Uses
      At line 3 in file problem3.s
Comment: __main used once
prog 00000000

Symbol: prog
   Definitions
      At line 2 in file problem3.s
   Uses
      None
Comment: prog unused
3 symbols



ARM Macro Assembler    Page 1 Alphabetic symbol ordering
Relocatable symbols

A 00000000

Symbol: A
   Definitions
      At line 47 in file problem3.s
   Uses
      None
Comment: A unused
src 00000000

Symbol: src
   Definitions
      At line 48 in file problem3.s
   Uses
      At line 6 in file problem3.s
Comment: src used once
2 symbols



ARM Macro Assembler    Page 1 Alphabetic symbol ordering
Relocatable symbols

Z 00000000

Symbol: Z
   Definitions
      At line 50 in file problem3.s
   Uses
      None
Comment: Z unused
dst 00000000

Symbol: dst
   Definitions
      At line 51 in file problem3.s
   Uses
      At line 7 in file problem3.s
Comment: dst used once
2 symbols
344 symbols in table
