


ARM Macro Assembler    Page 1 


    1 00000000                 AREA             A_SIMPLE_PROGRAM, CODE, READONL
Y
    2 00000000                 ENTRY
    3 00000000                 EXPORT           __main
    4 00000000         __main
    5 00000000 F04F 0105       MOV              R1, #0x05
    6 00000004 F04F 0203       MOV              R2, #0x03
    7 00000008 4411            ADD              R1, R1, R2
    8 0000000A E7FE    HERE    B                HERE
    9 0000000C                 END
Command Line: --debug --xref --diag_suppress=9931 --cpu=Cortex-M4.fp --apcs=int
erwork --depend=.\objects\program.d -o.\objects\program.o -I.\RTE\_Target_1 -IC
:\Keil_v5\ARM\PACK\ARM\CMSIS\5.4.0\CMSIS\Core\Include -IC:\Keil_v5\ARM\PACK\ARM
\CMSIS\5.4.0\Device\ARM\ARMCM4\Include --predefine="__EVAL SETA 1" --predefine=
"__UVISION_VERSION SETA 526" --predefine="_RTE_ SETA 1" --predefine="ARMCM4_FP 
SETA 1" --list=.\listings\program.lst program.s



ARM Macro Assembler    Page 1 Alphabetic symbol ordering
Relocatable symbols

A_SIMPLE_PROGRAM 00000000

Symbol: A_SIMPLE_PROGRAM
   Definitions
      At line 1 in file program.s
   Uses
      None
Comment: A_SIMPLE_PROGRAM unused
HERE 0000000A

Symbol: HERE
   Definitions
      At line 8 in file program.s
   Uses
      At line 8 in file program.s
Comment: HERE used once
__main 00000000

Symbol: __main
   Definitions
      At line 4 in file program.s
   Uses
      At line 3 in file program.s
Comment: __main used once
3 symbols
338 symbols in table
