


ARM Macro Assembler    Page 1 


    1 00000000                 AREA             A_SIMPLE_PROGRAM, CODE, READONL
Y
    2 00000000                 ENTRY
    3 00000000                 EXPORT           __main      ; Jake McKenzie Lab
                                                             1 Problem 6
    4 00000000         __main
    5 00000000 F04F 0100       MOV              R1, #0x0    ; Clear contents of
                                                             R1
    6 00000004 F04F 0200       MOV              R2, #0x0    ; Clear contents of
                                                             R2
    7 00000008 F04F 0300       MOV              R3, #0x0    ; Clear contents of
                                                             R3
    8 0000000C F04F 0302       MOV              R3, #0x2    ; x <- 2
    9 00000010 F04F 0106       MOV              R1, #0x6    ; Loading constant 
                                                            to multiply
   10 00000014 FB03 F201       MUL              R2, R3, R1  ; 3 * x
   11 00000018 F04F 0109       MOV              R1, #0x9    ; Loading constant 
                                                            to multiply
   12 0000001C EBA2 0201       SUB              R2, R2, R1  ; 3 * x - 9
   13 00000020 FB03 F202       MUL              R2, R3, R2  ; x * (3 * x - 9)
   14 00000024 F04F 0102       MOV              R1, #0x2    ; Loading constant 
                                                            to multiply
   15 00000028 440A            ADD              R2, R2, R1  ; x * (3 * x - 9) +
                                                             2
   16 0000002A E7FE    HERE    B                HERE        ; Should expect R2 
                                                            <- 8 at the end. Wh
                                                            ich we do.
   17 0000002C                 END
Command Line: --debug --xref --diag_suppress=9931 --cpu=Cortex-M4.fp --apcs=int
erwork --depend=.\objects\prob6.d -o.\objects\prob6.o -I.\RTE\_Target_1 -IC:\Ke
il_v5\ARM\PACK\ARM\CMSIS\5.4.0\CMSIS\Core\Include -IC:\Keil_v5\ARM\PACK\ARM\CMS
IS\5.4.0\Device\ARM\ARMCM4\Include --predefine="__EVAL SETA 1" --predefine="__U
VISION_VERSION SETA 526" --predefine="_RTE_ SETA 1" --predefine="ARMCM4_FP SETA
 1" --list=.\listings\prob6.lst prob6.s



ARM Macro Assembler    Page 1 Alphabetic symbol ordering
Relocatable symbols

A_SIMPLE_PROGRAM 00000000

Symbol: A_SIMPLE_PROGRAM
   Definitions
      At line 1 in file prob6.s
   Uses
      None
Comment: A_SIMPLE_PROGRAM unused
HERE 0000002A

Symbol: HERE
   Definitions
      At line 16 in file prob6.s
   Uses
      At line 16 in file prob6.s
Comment: HERE used once
__main 00000000

Symbol: __main
   Definitions
      At line 4 in file prob6.s
   Uses
      At line 3 in file prob6.s
Comment: __main used once
3 symbols
338 symbols in table
