


ARM Macro Assembler    Page 1 


    1 00000000                 AREA             prog, CODE, READONLY
    2 00000000                 EXPORT           __main      ; Jake McKenzie Lab
                                                             2
    3 00000000                 ENTRY
    4 00000000         __main
    5 00000000 F04F 0001       MOV              R0, #1      ; R0 = i
    6 00000004 F04F 0100       MOV              R1, #0      ; R1 = j
    7 00000008 F04F 32FF       MOV              R2, #-1     ; R2 = k
    8 0000000C F06F 0304       MOV              R3, #-5     ; R3 = a
    9 00000010 F04F 0405       MOV              R4, #5      ; R4 = b
   10 00000014         while
   11 00000014 4288            CMP              R0, R1
   12 00000016 BFD8            IT               LE
   13 00000018 E014            BLE              eof
   14 0000001A F04F 0902       MOV              R9, #2
   15 0000001E FB01 F509       MUL              R5, R1, R9
   16 00000022 EBA3 0605       SUB              R6, R3, R5
   17 00000026 4431            ADD              R1, R1, R6
   18 00000028 4291            CMP              R1, R2
   19 0000002A BFA8            IT               GE
   20 0000002C 4448            ADDGE            R0, R0, R9
   21 0000002E BFA2 FB01 
              F709             MULGE            R7, R1, R9
   22 00000034 EB04 0807       ADDGE            R8, R4, R7
   23 00000038 EBA2 0208       SUBGE            R2, R2, R8
   24 0000003C F101 0101       ADD              R1, R1, #1
   25 00000040 4288            CMP              R0, R1
   26 00000042         ;IT GT
   27 00000042 E7E7            B                while
   28 00000044 E7FE    eof     B                eof
   29 00000046 00 00           ALIGN
   30 00000048                 END
Command Line: --debug --xref --diag_suppress=9931 --cpu=Cortex-M4.fp --apcs=int
erwork --depend=.\objects\problem2.d -o.\objects\problem2.o -I.\RTE\_Target_1 -
IC:\Keil_v5\ARM\PACK\ARM\CMSIS\5.4.0\CMSIS\Core\Include -IC:\Keil_v5\ARM\PACK\A
RM\CMSIS\5.4.0\Device\ARM\ARMCM4\Include --predefine="__EVAL SETA 1" --predefin
e="__UVISION_VERSION SETA 526" --predefine="_RTE_ SETA 1" --predefine="ARMCM4_F
P SETA 1" --list=.\listings\problem2.lst problem2.s



ARM Macro Assembler    Page 1 Alphabetic symbol ordering
Relocatable symbols

__main 00000000

Symbol: __main
   Definitions
      At line 4 in file problem2.s
   Uses
      At line 2 in file problem2.s
Comment: __main used once
eof 00000044

Symbol: eof
   Definitions
      At line 28 in file problem2.s
   Uses
      At line 13 in file problem2.s
      At line 28 in file problem2.s

prog 00000000

Symbol: prog
   Definitions
      At line 1 in file problem2.s
   Uses
      None
Comment: prog unused
while 00000014

Symbol: while
   Definitions
      At line 10 in file problem2.s
   Uses
      At line 27 in file problem2.s
Comment: while used once
4 symbols
339 symbols in table
